<?xml version="1.0" encoding="UTF-8"?><testsuite failures="13" name="phpstan" tests="13" xmlns:xsi="http://www.w3.org/2001/XMLSchema-instance" xsi:noNamespaceSchemaLocation="https://raw.githubusercontent.com/junit-team/junit5/r5.5.1/platform-tests/src/test/resources/jenkins-junit.xsd"><testcase name="test.php:4"><failure type="ERROR" message="Property User::$name has no type specified." /></testcase><testcase name="test.php:5"><failure type="ERROR" message="Property User::$age has no type specified." /></testcase><testcase name="test.php:8"><failure type="ERROR" message="Method User::__construct() has parameter $name with no type specified." /></testcase><testcase name="test.php:13"><failure type="ERROR" message="Method User::sayHello() has no return type specified." /></testcase><testcase name="test.php:33"><failure type="ERROR" message="Instantiated class ExternalClass not found." /></testcase><testcase name="test.php:34"><failure type="ERROR" message="Call to method hello() on an unknown class ExternalClass." /></testcase><testcase name="test.php:38"><failure type="ERROR" message="Parameter #2 $b of method User::addNumbers() expects int, string given." /></testcase><testcase name="test2.php:4"><failure type="ERROR" message="Property User::$name has no type specified." /></testcase><testcase name="test2.php:8"><failure type="ERROR" message="Access to an undefined property User::$age." /></testcase><testcase name="test2.php:17"><failure type="ERROR" message="Class User constructor invoked with 0 parameters, 1 required." /></testcase><testcase name="test2.php:20"><failure type="ERROR" message="Call to method User::getAge() on a separate line has no effect." /></testcase><testcase name="test2.php:21"><failure type="ERROR" message="Call to method User::addNumbers() on a separate line has no effect." /></testcase><testcase name="test2.php:21"><failure type="ERROR" message="Parameter #2 $b of method User::addNumbers() expects int, string given." /></testcase></testsuite>